# JRE version: OpenJDK Runtime Environment (8.0_242-b01) (build 1.8.0_242-release-1644-b01)
# Java VM: OpenJDK 64-Bit Server VM (25.242-b01 mixed mode windows-amd64 compressed oops)
Heap:
 PSYoungGen      total 324096K, used 23008K [0x00000000d5580000, 0x00000000ec580000, 0x0000000100000000)
  eden space 301056K, 0% used [0x00000000d5580000,0x00000000d5580000,0x00000000e7b80000)
  from space 23040K, 99% used [0x00000000e9700000,0x00000000ead782a8,0x00000000ead80000)
  to   space 28160K, 0% used [0x00000000e7b80000,0x00000000e7b80000,0x00000000e9700000)
 ParOldGen       total 105472K, used 30026K [0x0000000080000000, 0x0000000086700000, 0x00000000d5580000)
  object space 105472K, 28% used [0x0000000080000000,0x0000000081d52a30,0x0000000086700000)
 Metaspace       used 57242K, capacity 58958K, committed 59096K, reserved 1099776K
  class space    used 7763K, capacity 8211K, committed 8320K, reserved 1048576K
GC Heap History (10 events):
Event: 15.435 GC heap after
Heap after GC invocations=6 (full 1):
 PSYoungGen      total 138240K, used 5104K [0x00000000d5580000, 0x00000000e4600000, 0x0000000100000000)
  eden space 133120K, 0% used [0x00000000d5580000,0x00000000d5580000,0x00000000dd780000)
  from space 5120K, 99% used [0x00000000dd780000,0x00000000ddc7c010,0x00000000ddc80000)
  to   space 16384K, 0% used [0x00000000e3600000,0x00000000e3600000,0x00000000e4600000)
 ParOldGen       total 71680K, used 19967K [0x0000000080000000, 0x0000000084600000, 0x00000000d5580000)
  object space 71680K, 27% used [0x0000000080000000,0x000000008137fef0,0x0000000084600000)
 Metaspace       used 31751K, capacity 32342K, committed 32768K, reserved 1077248K
  class space    used 4368K, capacity 4562K, committed 4608K, reserved 1048576K
}
Event: 19.875 GC heap before
{Heap before GC invocations=7 (full 1):
 PSYoungGen      total 138240K, used 58301K [0x00000000d5580000, 0x00000000e4600000, 0x0000000100000000)
  eden space 133120K, 39% used [0x00000000d5580000,0x00000000d8973608,0x00000000dd780000)
  from space 5120K, 99% used [0x00000000dd780000,0x00000000ddc7c010,0x00000000ddc80000)
  to   space 16384K, 0% used [0x00000000e3600000,0x00000000e3600000,0x00000000e4600000)
 ParOldGen       total 71680K, used 19967K [0x0000000080000000, 0x0000000084600000, 0x00000000d5580000)
  object space 71680K, 27% used [0x0000000080000000,0x000000008137fef0,0x0000000084600000)
 Metaspace       used 34536K, capacity 35310K, committed 35456K, reserved 1079296K
  class space    used 4749K, capacity 4984K, committed 4992K, reserved 1048576K
Event: 19.908 GC heap after
Heap after GC invocations=7 (full 1):
 PSYoungGen      total 217088K, used 9856K [0x00000000d5580000, 0x00000000e4000000, 0x0000000100000000)
  eden space 206848K, 0% used [0x00000000d5580000,0x00000000d5580000,0x00000000e1f80000)
  from space 10240K, 96% used [0x00000000e3600000,0x00000000e3fa0108,0x00000000e4000000)
  to   space 15872K, 0% used [0x00000000e2100000,0x00000000e2100000,0x00000000e3080000)
 ParOldGen       total 71680K, used 19975K [0x0000000080000000, 0x0000000084600000, 0x00000000d5580000)
  object space 71680K, 27% used [0x0000000080000000,0x0000000081381ef0,0x0000000084600000)
 Metaspace       used 34536K, capacity 35310K, committed 35456K, reserved 1079296K
  class space    used 4749K, capacity 4984K, committed 4992K, reserved 1048576K
}
Event: 19.908 GC heap before
{Heap before GC invocations=8 (full 2):
 PSYoungGen      total 217088K, used 9856K [0x00000000d5580000, 0x00000000e4000000, 0x0000000100000000)
  eden space 206848K, 0% used [0x00000000d5580000,0x00000000d5580000,0x00000000e1f80000)
  from space 10240K, 96% used [0x00000000e3600000,0x00000000e3fa0108,0x00000000e4000000)
  to   space 15872K, 0% used [0x00000000e2100000,0x00000000e2100000,0x00000000e3080000)
 ParOldGen       total 71680K, used 19975K [0x0000000080000000, 0x0000000084600000, 0x00000000d5580000)
  object space 71680K, 27% used [0x0000000080000000,0x0000000081381ef0,0x0000000084600000)
 Metaspace       used 34536K, capacity 35310K, committed 35456K, reserved 1079296K
  class space    used 4749K, capacity 4984K, committed 4992K, reserved 1048576K
Event: 20.139 GC heap after
Heap after GC invocations=8 (full 2):
 PSYoungGen      total 217088K, used 0K [0x00000000d5580000, 0x00000000e4000000, 0x0000000100000000)
  eden space 206848K, 0% used [0x00000000d5580000,0x00000000d5580000,0x00000000e1f80000)
  from space 10240K, 0% used [0x00000000e3600000,0x00000000e3600000,0x00000000e4000000)
  to   space 15872K, 0% used [0x00000000e2100000,0x00000000e2100000,0x00000000e3080000)
 ParOldGen       total 105472K, used 18297K [0x0000000080000000, 0x0000000086700000, 0x00000000d5580000)
  object space 105472K, 17% used [0x0000000080000000,0x00000000811de720,0x0000000086700000)
 Metaspace       used 34536K, capacity 35310K, committed 35456K, reserved 1079296K
  class space    used 4749K, capacity 4984K, committed 4992K, reserved 1048576K
}
Event: 29.863 GC heap before
{Heap before GC invocations=9 (full 2):
 PSYoungGen      total 217088K, used 206848K [0x00000000d5580000, 0x00000000e4000000, 0x0000000100000000)
  eden space 206848K, 100% used [0x00000000d5580000,0x00000000e1f80000,0x00000000e1f80000)
  from space 10240K, 0% used [0x00000000e3600000,0x00000000e3600000,0x00000000e4000000)
  to   space 15872K, 0% used [0x00000000e2100000,0x00000000e2100000,0x00000000e3080000)
 ParOldGen       total 105472K, used 18297K [0x0000000080000000, 0x0000000086700000, 0x00000000d5580000)
  object space 105472K, 17% used [0x0000000080000000,0x00000000811de720,0x0000000086700000)
 Metaspace       used 50987K, capacity 52354K, committed 52608K, reserved 1095680K
  class space    used 6854K, capacity 7247K, committed 7296K, reserved 1048576K
Event: 29.924 GC heap after
Heap after GC invocations=9 (full 2):
 PSYoungGen      total 224256K, used 15854K [0x00000000d5580000, 0x00000000ead80000, 0x0000000100000000)
  eden space 208384K, 0% used [0x00000000d5580000,0x00000000d5580000,0x00000000e2100000)
  from space 15872K, 99% used [0x00000000e2100000,0x00000000e307b808,0x00000000e3080000)
  to   space 23040K, 0% used [0x00000000e9700000,0x00000000e9700000,0x00000000ead80000)
 ParOldGen       total 105472K, used 27326K [0x0000000080000000, 0x0000000086700000, 0x00000000d5580000)
  object space 105472K, 25% used [0x0000000080000000,0x0000000081aafbd0,0x0000000086700000)
 Metaspace       used 50987K, capacity 52354K, committed 52608K, reserved 1095680K
  class space    used 6854K, capacity 7247K, committed 7296K, reserved 1048576K
}
Event: 34.090 GC heap before
{Heap before GC invocations=10 (full 2):
 PSYoungGen      total 224256K, used 133630K [0x00000000d5580000, 0x00000000ead80000, 0x0000000100000000)
  eden space 208384K, 56% used [0x00000000d5580000,0x00000000dc884150,0x00000000e2100000)
  from space 15872K, 99% used [0x00000000e2100000,0x00000000e307b808,0x00000000e3080000)
  to   space 23040K, 0% used [0x00000000e9700000,0x00000000e9700000,0x00000000ead80000)
 ParOldGen       total 105472K, used 27326K [0x0000000080000000, 0x0000000086700000, 0x00000000d5580000)
  object space 105472K, 25% used [0x0000000080000000,0x0000000081aafbd0,0x0000000086700000)
 Metaspace       used 57242K, capacity 58958K, committed 59096K, reserved 1099776K
  class space    used 7763K, capacity 8211K, committed 8320K, reserved 1048576K
Event: 34.245 GC heap after
Heap after GC invocations=10 (full 2):
 PSYoungGen      total 324096K, used 23008K [0x00000000d5580000, 0x00000000ec580000, 0x0000000100000000)
  eden space 301056K, 0% used [0x00000000d5580000,0x00000000d5580000,0x00000000e7b80000)
  from space 23040K, 99% used [0x00000000e9700000,0x00000000ead782a8,0x00000000ead80000)
  to   space 28160K, 0% used [0x00000000e7b80000,0x00000000e7b80000,0x00000000e9700000)
 ParOldGen       total 105472K, used 30026K [0x0000000080000000, 0x0000000086700000, 0x00000000d5580000)
  object space 105472K, 28% used [0x0000000080000000,0x0000000081d52a30,0x0000000086700000)
 Metaspace       used 57242K, capacity 58958K, committed 59096K, reserved 1099776K
  class space    used 7763K, capacity 8211K, committed 8320K, reserved 1048576K
}
Event: 34.245 GC heap before
{Heap before GC invocations=11 (full 3):
 PSYoungGen      total 324096K, used 23008K [0x00000000d5580000, 0x00000000ec580000, 0x0000000100000000)
  eden space 301056K, 0% used [0x00000000d5580000,0x00000000d5580000,0x00000000e7b80000)
  from space 23040K, 99% used [0x00000000e9700000,0x00000000ead782a8,0x00000000ead80000)
  to   space 28160K, 0% used [0x00000000e7b80000,0x00000000e7b80000,0x00000000e9700000)
 ParOldGen       total 105472K, used 30026K [0x0000000080000000, 0x0000000086700000, 0x00000000d5580000)
  object space 105472K, 28% used [0x0000000080000000,0x0000000081d52a30,0x0000000086700000)
 Metaspace       used 57242K, capacity 58958K, committed 59096K, reserved 1099776K
  class space    used 7763K, capacity 8211K, committed 8320K, reserved 1048576K

