# JRE version: OpenJDK Runtime Environment (8.0_242-b01) (build 1.8.0_242-release-1644-b01)
# Java VM: OpenJDK 64-Bit Server VM (25.242-b01 mixed mode windows-amd64 compressed oops)
Heap:
 PSYoungGen      total 516096K, used 219610K [0x00000000d5580000, 0x0000000100000000, 0x0000000100000000)
  eden space 344064K, 59% used [0x00000000d5580000,0x00000000e1dfa9f8,0x00000000ea580000)
  from space 172032K, 8% used [0x00000000ea580000,0x00000000eb37c0f8,0x00000000f4d80000)
  to   space 171520K, 0% used [0x00000000f5880000,0x00000000f5880000,0x0000000100000000)
 ParOldGen       total 537600K, used 321482K [0x0000000080000000, 0x00000000a0d00000, 0x00000000d5580000)
  object space 537600K, 59% used [0x0000000080000000,0x00000000939f2880,0x00000000a0d00000)
 Metaspace       used 156990K, capacity 164505K, committed 164520K, reserved 1191936K
  class space    used 19961K, capacity 21421K, committed 21424K, reserved 1048576K
GC Heap History (10 events):
Event: 927.928 GC heap before
{Heap before GC invocations=34 (full 6):
 PSYoungGen      total 482816K, used 482407K [0x00000000d5580000, 0x0000000100000000, 0x0000000100000000)
  eden space 374272K, 100% used [0x00000000d5580000,0x00000000ec300000,0x00000000ec300000)
  from space 108544K, 99% used [0x00000000ec300000,0x00000000f2c99e90,0x00000000f2d00000)
  to   space 168448K, 0% used [0x00000000f5b80000,0x00000000f5b80000,0x0000000100000000)
 ParOldGen       total 505856K, used 386618K [0x0000000080000000, 0x000000009ee00000, 0x00000000d5580000)
  object space 505856K, 76% used [0x0000000080000000,0x000000009798eab8,0x000000009ee00000)
 Metaspace       used 156908K, capacity 164415K, committed 164520K, reserved 1191936K
  class space    used 19956K, capacity 21416K, committed 21424K, reserved 1048576K
Event: 928.512 GC heap after
Heap after GC invocations=34 (full 6):
 PSYoungGen      total 501760K, used 136232K [0x00000000d5580000, 0x0000000100000000, 0x0000000100000000)
  eden space 333312K, 0% used [0x00000000d5580000,0x00000000d5580000,0x00000000e9b00000)
  from space 168448K, 80% used [0x00000000f5b80000,0x00000000fe08a198,0x0000000100000000)
  to   space 182784K, 0% used [0x00000000e9b00000,0x00000000e9b00000,0x00000000f4d80000)
 ParOldGen       total 505856K, used 437916K [0x0000000080000000, 0x000000009ee00000, 0x00000000d5580000)
  object space 505856K, 86% used [0x0000000080000000,0x000000009aba7298,0x000000009ee00000)
 Metaspace       used 156908K, capacity 164415K, committed 164520K, reserved 1191936K
  class space    used 19956K, capacity 21416K, committed 21424K, reserved 1048576K
}
Event: 930.264 GC heap before
{Heap before GC invocations=35 (full 6):
 PSYoungGen      total 501760K, used 469544K [0x00000000d5580000, 0x0000000100000000, 0x0000000100000000)
  eden space 333312K, 100% used [0x00000000d5580000,0x00000000e9b00000,0x00000000e9b00000)
  from space 168448K, 80% used [0x00000000f5b80000,0x00000000fe08a198,0x0000000100000000)
  to   space 182784K, 0% used [0x00000000e9b00000,0x00000000e9b00000,0x00000000f4d80000)
 ParOldGen       total 505856K, used 437916K [0x0000000080000000, 0x000000009ee00000, 0x00000000d5580000)
  object space 505856K, 86% used [0x0000000080000000,0x000000009aba7298,0x000000009ee00000)
 Metaspace       used 156931K, capacity 164421K, committed 164520K, reserved 1191936K
  class space    used 19957K, capacity 21417K, committed 21424K, reserved 1048576K
Event: 930.790 GC heap after
Heap after GC invocations=35 (full 6):
 PSYoungGen      total 516096K, used 77171K [0x00000000d5580000, 0x00000000ff900000, 0x0000000100000000)
  eden space 333312K, 0% used [0x00000000d5580000,0x00000000d5580000,0x00000000e9b00000)
  from space 182784K, 42% used [0x00000000e9b00000,0x00000000ee65cef0,0x00000000f4d80000)
  to   space 172032K, 0% used [0x00000000f5100000,0x00000000f5100000,0x00000000ff900000)
 ParOldGen       total 505856K, used 483050K [0x0000000080000000, 0x000000009ee00000, 0x00000000d5580000)
  object space 505856K, 95% used [0x0000000080000000,0x000000009d7ba8c0,0x000000009ee00000)
 Metaspace       used 156931K, capacity 164421K, committed 164520K, reserved 1191936K
  class space    used 19957K, capacity 21417K, committed 21424K, reserved 1048576K
}
Event: 930.790 GC heap before
{Heap before GC invocations=36 (full 7):
 PSYoungGen      total 516096K, used 77171K [0x00000000d5580000, 0x00000000ff900000, 0x0000000100000000)
  eden space 333312K, 0% used [0x00000000d5580000,0x00000000d5580000,0x00000000e9b00000)
  from space 182784K, 42% used [0x00000000e9b00000,0x00000000ee65cef0,0x00000000f4d80000)
  to   space 172032K, 0% used [0x00000000f5100000,0x00000000f5100000,0x00000000ff900000)
 ParOldGen       total 505856K, used 483050K [0x0000000080000000, 0x000000009ee00000, 0x00000000d5580000)
  object space 505856K, 95% used [0x0000000080000000,0x000000009d7ba8c0,0x000000009ee00000)
 Metaspace       used 156931K, capacity 164421K, committed 164520K, reserved 1191936K
  class space    used 19957K, capacity 21417K, committed 21424K, reserved 1048576K
Event: 935.674 GC heap after
Heap after GC invocations=36 (full 7):
 PSYoungGen      total 516096K, used 0K [0x00000000d5580000, 0x00000000ff900000, 0x0000000100000000)
  eden space 333312K, 0% used [0x00000000d5580000,0x00000000d5580000,0x00000000e9b00000)
  from space 182784K, 0% used [0x00000000e9b00000,0x00000000e9b00000,0x00000000f4d80000)
  to   space 172032K, 0% used [0x00000000f5100000,0x00000000f5100000,0x00000000ff900000)
 ParOldGen       total 537600K, used 298184K [0x0000000080000000, 0x00000000a0d00000, 0x00000000d5580000)
  object space 537600K, 55% used [0x0000000080000000,0x00000000923323d0,0x00000000a0d00000)
 Metaspace       used 156931K, capacity 164421K, committed 164520K, reserved 1191936K
  class space    used 19957K, capacity 21417K, committed 21424K, reserved 1048576K
}
Event: 942.196 GC heap before
{Heap before GC invocations=37 (full 7):
 PSYoungGen      total 516096K, used 333312K [0x00000000d5580000, 0x00000000ff900000, 0x0000000100000000)
  eden space 333312K, 100% used [0x00000000d5580000,0x00000000e9b00000,0x00000000e9b00000)
  from space 182784K, 0% used [0x00000000e9b00000,0x00000000e9b00000,0x00000000f4d80000)
  to   space 172032K, 0% used [0x00000000f5100000,0x00000000f5100000,0x00000000ff900000)
 ParOldGen       total 537600K, used 298184K [0x0000000080000000, 0x00000000a0d00000, 0x00000000d5580000)
  object space 537600K, 55% used [0x0000000080000000,0x00000000923323d0,0x00000000a0d00000)
 Metaspace       used 156946K, capacity 164485K, committed 164520K, reserved 1191936K
  class space    used 19957K, capacity 21417K, committed 21424K, reserved 1048576K
Event: 942.318 GC heap after
Heap after GC invocations=37 (full 7):
 PSYoungGen      total 512512K, used 24234K [0x00000000d5580000, 0x00000000ff580000, 0x0000000100000000)
  eden space 344064K, 0% used [0x00000000d5580000,0x00000000d5580000,0x00000000ea580000)
  from space 168448K, 14% used [0x00000000f5100000,0x00000000f68aaab0,0x00000000ff580000)
  to   space 172032K, 0% used [0x00000000ea580000,0x00000000ea580000,0x00000000f4d80000)
 ParOldGen       total 537600K, used 298192K [0x0000000080000000, 0x00000000a0d00000, 0x00000000d5580000)
  object space 537600K, 55% used [0x0000000080000000,0x00000000923343d0,0x00000000a0d00000)
 Metaspace       used 156946K, capacity 164485K, committed 164520K, reserved 1191936K
  class space    used 19957K, capacity 21417K, committed 21424K, reserved 1048576K
}
Event: 950.748 GC heap before
{Heap before GC invocations=38 (full 7):
 PSYoungGen      total 512512K, used 368298K [0x00000000d5580000, 0x00000000ff580000, 0x0000000100000000)
  eden space 344064K, 100% used [0x00000000d5580000,0x00000000ea580000,0x00000000ea580000)
  from space 168448K, 14% used [0x00000000f5100000,0x00000000f68aaab0,0x00000000ff580000)
  to   space 172032K, 0% used [0x00000000ea580000,0x00000000ea580000,0x00000000f4d80000)
 ParOldGen       total 537600K, used 298192K [0x0000000080000000, 0x00000000a0d00000, 0x00000000d5580000)
  object space 537600K, 55% used [0x0000000080000000,0x00000000923343d0,0x00000000a0d00000)
 Metaspace       used 156972K, capacity 164485K, committed 164520K, reserved 1191936K
  class space    used 19957K, capacity 21417K, committed 21424K, reserved 1048576K
Event: 951.110 GC heap after
Heap after GC invocations=38 (full 7):
 PSYoungGen      total 516096K, used 14320K [0x00000000d5580000, 0x0000000100000000, 0x0000000100000000)
  eden space 344064K, 0% used [0x00000000d5580000,0x00000000d5580000,0x00000000ea580000)
  from space 172032K, 8% used [0x00000000ea580000,0x00000000eb37c0f8,0x00000000f4d80000)
  to   space 171520K, 0% used [0x00000000f5880000,0x00000000f5880000,0x0000000100000000)
 ParOldGen       total 537600K, used 321482K [0x0000000080000000, 0x00000000a0d00000, 0x00000000d5580000)
  object space 537600K, 59% used [0x0000000080000000,0x00000000939f2880,0x00000000a0d00000)
 Metaspace       used 156972K, capacity 164485K, committed 164520K, reserved 1191936K
  class space    used 19957K, capacity 21417K, committed 21424K, reserved 1048576K
}

