# JRE version: OpenJDK Runtime Environment (8.0_242-b01) (build 1.8.0_242-release-1644-b01)
# Java VM: OpenJDK 64-Bit Server VM (25.242-b01 mixed mode windows-amd64 compressed oops)
Heap:
 PSYoungGen      total 593408K, used 47489K [0x00000000d5580000, 0x00000000ffb00000, 0x0000000100000000)
  eden space 491008K, 0% used [0x00000000d5580000,0x00000000d5580000,0x00000000f3500000)
  from space 102400K, 46% used [0x00000000f3500000,0x00000000f6360560,0x00000000f9900000)
  to   space 98816K, 0% used [0x00000000f9a80000,0x00000000f9a80000,0x00000000ffb00000)
 ParOldGen       total 569856K, used 531559K [0x0000000080000000, 0x00000000a2c80000, 0x00000000d5580000)
  object space 569856K, 93% used [0x0000000080000000,0x00000000a0719d20,0x00000000a2c80000)
 Metaspace       used 280915K, capacity 295942K, committed 296104K, reserved 1308672K
  class space    used 34925K, capacity 37535K, committed 37552K, reserved 1048576K
GC Heap History (10 events):
Event: 1747.169 GC heap after
Heap after GC invocations=102 (full 11):
 PSYoungGen      total 585728K, used 51123K [0x00000000d5580000, 0x00000000ffb80000, 0x0000000100000000)
  eden space 480768K, 0% used [0x00000000d5580000,0x00000000d5580000,0x00000000f2b00000)
  from space 104960K, 48% used [0x00000000f2b00000,0x00000000f5cecfc8,0x00000000f9180000)
  to   space 102912K, 0% used [0x00000000f9700000,0x00000000f9700000,0x00000000ffb80000)
 ParOldGen       total 569856K, used 414790K [0x0000000080000000, 0x00000000a2c80000, 0x00000000d5580000)
  object space 569856K, 72% used [0x0000000080000000,0x0000000099511930,0x00000000a2c80000)
 Metaspace       used 258248K, capacity 272376K, committed 272680K, reserved 1288192K
  class space    used 32106K, capacity 34554K, committed 34608K, reserved 1048576K
}
Event: 1764.666 GC heap before
{Heap before GC invocations=103 (full 11):
 PSYoungGen      total 585728K, used 531891K [0x00000000d5580000, 0x00000000ffb80000, 0x0000000100000000)
  eden space 480768K, 100% used [0x00000000d5580000,0x00000000f2b00000,0x00000000f2b00000)
  from space 104960K, 48% used [0x00000000f2b00000,0x00000000f5cecfc8,0x00000000f9180000)
  to   space 102912K, 0% used [0x00000000f9700000,0x00000000f9700000,0x00000000ffb80000)
 ParOldGen       total 569856K, used 414790K [0x0000000080000000, 0x00000000a2c80000, 0x00000000d5580000)
  object space 569856K, 72% used [0x0000000080000000,0x0000000099511930,0x00000000a2c80000)
 Metaspace       used 265618K, capacity 279910K, committed 280104K, reserved 1294336K
  class space    used 33074K, capacity 35557K, committed 35632K, reserved 1048576K
Event: 1764.883 GC heap after
Heap after GC invocations=103 (full 11):
 PSYoungGen      total 591360K, used 55949K [0x00000000d5580000, 0x00000000ffe00000, 0x0000000100000000)
  eden space 488448K, 0% used [0x00000000d5580000,0x00000000d5580000,0x00000000f3280000)
  from space 102912K, 54% used [0x00000000f9700000,0x00000000fcda3790,0x00000000ffb80000)
  to   space 102912K, 0% used [0x00000000f3280000,0x00000000f3280000,0x00000000f9700000)
 ParOldGen       total 569856K, used 426671K [0x0000000080000000, 0x00000000a2c80000, 0x00000000d5580000)
  object space 569856K, 74% used [0x0000000080000000,0x000000009a0abe18,0x00000000a2c80000)
 Metaspace       used 265618K, capacity 279910K, committed 280104K, reserved 1294336K
  class space    used 33074K, capacity 35557K, committed 35632K, reserved 1048576K
}
Event: 1782.401 GC heap before
{Heap before GC invocations=104 (full 11):
 PSYoungGen      total 591360K, used 544397K [0x00000000d5580000, 0x00000000ffe00000, 0x0000000100000000)
  eden space 488448K, 100% used [0x00000000d5580000,0x00000000f3280000,0x00000000f3280000)
  from space 102912K, 54% used [0x00000000f9700000,0x00000000fcda3790,0x00000000ffb80000)
  to   space 102912K, 0% used [0x00000000f3280000,0x00000000f3280000,0x00000000f9700000)
 ParOldGen       total 569856K, used 426671K [0x0000000080000000, 0x00000000a2c80000, 0x00000000d5580000)
  object space 569856K, 74% used [0x0000000080000000,0x000000009a0abe18,0x00000000a2c80000)
 Metaspace       used 274899K, capacity 289592K, committed 289704K, reserved 1302528K
  class space    used 34166K, capacity 36736K, committed 36784K, reserved 1048576K
Event: 1782.886 GC heap after
Heap after GC invocations=104 (full 11):
 PSYoungGen      total 591360K, used 18878K [0x00000000d5580000, 0x00000000ffb00000, 0x0000000100000000)
  eden space 488448K, 0% used [0x00000000d5580000,0x00000000d5580000,0x00000000f3280000)
  from space 102912K, 18% used [0x00000000f3280000,0x00000000f44efb20,0x00000000f9700000)
  to   space 100352K, 0% used [0x00000000f9900000,0x00000000f9900000,0x00000000ffb00000)
 ParOldGen       total 569856K, used 475020K [0x0000000080000000, 0x00000000a2c80000, 0x00000000d5580000)
  object space 569856K, 83% used [0x0000000080000000,0x000000009cfe3378,0x00000000a2c80000)
 Metaspace       used 274899K, capacity 289592K, committed 289704K, reserved 1302528K
  class space    used 34166K, capacity 36736K, committed 36784K, reserved 1048576K
}
Event: 1788.212 GC heap before
{Heap before GC invocations=105 (full 11):
 PSYoungGen      total 591360K, used 507326K [0x00000000d5580000, 0x00000000ffb00000, 0x0000000100000000)
  eden space 488448K, 100% used [0x00000000d5580000,0x00000000f3280000,0x00000000f3280000)
  from space 102912K, 18% used [0x00000000f3280000,0x00000000f44efb20,0x00000000f9700000)
  to   space 100352K, 0% used [0x00000000f9900000,0x00000000f9900000,0x00000000ffb00000)
 ParOldGen       total 569856K, used 475020K [0x0000000080000000, 0x00000000a2c80000, 0x00000000d5580000)
  object space 569856K, 83% used [0x0000000080000000,0x000000009cfe3378,0x00000000a2c80000)
 Metaspace       used 279953K, capacity 294756K, committed 294952K, reserved 1306624K
  class space    used 34808K, capacity 37382K, committed 37424K, reserved 1048576K
Event: 1788.788 GC heap after
Heap after GC invocations=105 (full 11):
 PSYoungGen      total 591360K, used 60646K [0x00000000d5580000, 0x0000000100000000, 0x0000000100000000)
  eden space 491008K, 0% used [0x00000000d5580000,0x00000000d5580000,0x00000000f3500000)
  from space 100352K, 60% used [0x00000000f9900000,0x00000000fd439938,0x00000000ffb00000)
  to   space 102400K, 0% used [0x00000000f3500000,0x00000000f3500000,0x00000000f9900000)
 ParOldGen       total 569856K, used 478667K [0x0000000080000000, 0x00000000a2c80000, 0x00000000d5580000)
  object space 569856K, 83% used [0x0000000080000000,0x000000009d372eb8,0x00000000a2c80000)
 Metaspace       used 279953K, capacity 294756K, committed 294952K, reserved 1306624K
  class space    used 34808K, capacity 37382K, committed 37424K, reserved 1048576K
}
Event: 1797.937 GC heap before
{Heap before GC invocations=106 (full 11):
 PSYoungGen      total 591360K, used 551654K [0x00000000d5580000, 0x0000000100000000, 0x0000000100000000)
  eden space 491008K, 100% used [0x00000000d5580000,0x00000000f3500000,0x00000000f3500000)
  from space 100352K, 60% used [0x00000000f9900000,0x00000000fd439938,0x00000000ffb00000)
  to   space 102400K, 0% used [0x00000000f3500000,0x00000000f3500000,0x00000000f9900000)
 ParOldGen       total 569856K, used 478667K [0x0000000080000000, 0x00000000a2c80000, 0x00000000d5580000)
  object space 569856K, 83% used [0x0000000080000000,0x000000009d372eb8,0x00000000a2c80000)
 Metaspace       used 280915K, capacity 295942K, committed 296104K, reserved 1308672K
  class space    used 34925K, capacity 37535K, committed 37552K, reserved 1048576K
Event: 1798.342 GC heap after
Heap after GC invocations=106 (full 11):
 PSYoungGen      total 593408K, used 47489K [0x00000000d5580000, 0x00000000ffb00000, 0x0000000100000000)
  eden space 491008K, 0% used [0x00000000d5580000,0x00000000d5580000,0x00000000f3500000)
  from space 102400K, 46% used [0x00000000f3500000,0x00000000f6360560,0x00000000f9900000)
  to   space 98816K, 0% used [0x00000000f9a80000,0x00000000f9a80000,0x00000000ffb00000)
 ParOldGen       total 569856K, used 531559K [0x0000000080000000, 0x00000000a2c80000, 0x00000000d5580000)
  object space 569856K, 93% used [0x0000000080000000,0x00000000a0719d20,0x00000000a2c80000)
 Metaspace       used 280915K, capacity 295942K, committed 296104K, reserved 1308672K
  class space    used 34925K, capacity 37535K, committed 37552K, reserved 1048576K
}
Event: 1798.342 GC heap before
{Heap before GC invocations=107 (full 12):
 PSYoungGen      total 593408K, used 47489K [0x00000000d5580000, 0x00000000ffb00000, 0x0000000100000000)
  eden space 491008K, 0% used [0x00000000d5580000,0x00000000d5580000,0x00000000f3500000)
  from space 102400K, 46% used [0x00000000f3500000,0x00000000f6360560,0x00000000f9900000)
  to   space 98816K, 0% used [0x00000000f9a80000,0x00000000f9a80000,0x00000000ffb00000)
 ParOldGen       total 569856K, used 531559K [0x0000000080000000, 0x00000000a2c80000, 0x00000000d5580000)
  object space 569856K, 93% used [0x0000000080000000,0x00000000a0719d20,0x00000000a2c80000)
 Metaspace       used 280915K, capacity 295942K, committed 296104K, reserved 1308672K
  class space    used 34925K, capacity 37535K, committed 37552K, reserved 1048576K

